"../../../Engine/Content/EditorResources/S_Actor.uexp" 0
"../../../Engine/Content/EditorResources/S_Actor.ubulk" 1
"../../../Engine/Content/EditorResources/S_Actor.uasset" 2
"../../../Engine/Content/EditorResources/S_BoxReflectionCapture.uasset" 3
"../../../Engine/Content/EditorResources/S_BoxReflectionCapture.uexp" 4
"../../../Engine/Content/EngineResources/DefaultTexture.uasset" 5
"../../../Engine/Content/EngineResources/DefaultTexture.uexp" 6
"../../../Engine/Content/EngineResources/DefaultTexture.ubulk" 7
"../../../Engine/Content/EngineResources/DefaultTextureCube.uasset" 8
"../../../Engine/Content/EngineResources/DefaultTextureCube.uexp" 9
"../../../Engine/Content/EngineResources/DefaultVolumeTexture2D.uexp" 10
"../../../Engine/Content/EngineResources/DefaultVolumeTexture2D.uasset" 11
"../../../Engine/Content/EngineResources/DefaultVolumeTexture.uexp" 12
"../../../Engine/Content/EngineResources/DefaultVolumeTexture.uasset" 13
"../../../Engine/Content/EditorResources/S_Trigger.uexp" 14
"../../../Engine/Content/EditorResources/S_Trigger.ubulk" 15
"../../../Engine/Content/EditorResources/S_Trigger.uasset" 16
"../../../Engine/Content/EditorResources/S_TriggerBox.uexp" 17
"../../../Engine/Content/EditorResources/S_TriggerBox.uasset" 18
"../../../Engine/Content/EditorResources/S_TriggerCapsule.uexp" 19
"../../../Engine/Content/EditorResources/S_TriggerCapsule.uasset" 20
"../../../Engine/Content/EditorResources/S_TriggerSphere.uasset" 21
"../../../Engine/Content/EditorResources/S_TriggerSphere.uexp" 22
"../../../Engine/Content/EngineMeshes/Sphere.uexp" 23
"../../../Engine/Content/EngineMeshes/Sphere.uasset" 24
"../../../Engine/Content/EngineResources/GradientTexture0.uexp" 25
"../../../Engine/Content/EngineResources/GradientTexture0.uasset" 26
"../../../Engine/Content/EngineResources/Black.uasset" 27
"../../../Engine/Content/EngineResources/Black.uexp" 28
"../../../Engine/Content/EditorResources/S_Solver.uasset" 29
"../../../Engine/Content/EditorResources/S_Solver.uexp" 30
"../../../Engine/Content/EditorResources/S_Solver.ubulk" 31
"../../../Engine/Content/EditorMaterials/Camera/CineMat.uasset" 32
"../../../Engine/Content/EditorMaterials/Camera/CineMat.uexp" 33
"../../../Engine/Content/EditorMaterials/Camera/MI_CineMat_Rig.uasset" 34
"../../../Engine/Content/EditorMaterials/Camera/MI_CineMat_Rig.uexp" 35
"../../../Engine/Content/EditorMeshes/Camera/SM_CraneRig_Base.uexp" 36
"../../../Engine/Content/EditorMeshes/Camera/SM_CraneRig_Base.uasset" 37
"../../../Engine/Content/EditorMeshes/Camera/SM_CraneRig_Arm.uexp" 38
"../../../Engine/Content/EditorMeshes/Camera/SM_CraneRig_Arm.uasset" 39
"../../../Engine/Content/EditorMeshes/Camera/SM_CraneRig_Mount.uexp" 40
"../../../Engine/Content/EditorMeshes/Camera/SM_CraneRig_Mount.uasset" 41
"../../../Engine/Content/EditorMeshes/Camera/SM_CraneRig_Body.uasset" 42
"../../../Engine/Content/EditorMeshes/Camera/SM_CraneRig_Body.uexp" 43
"../../../Engine/Content/EditorMeshes/Camera/SM_RailRig_Track.uexp" 44
"../../../Engine/Content/EditorMeshes/Camera/SM_RailRig_Track.uasset" 45
"../../../Engine/Content/EditorMeshes/Camera/SM_RailRig_Mount.uexp" 46
"../../../Engine/Content/EditorMeshes/Camera/SM_RailRig_Mount.uasset" 47
"../../../Engine/Content/EngineMaterials/T_Default_Material_Grid_M.uasset" 48
"../../../Engine/Content/EngineMaterials/T_Default_Material_Grid_M.ubulk" 49
"../../../Engine/Content/EngineMaterials/T_Default_Material_Grid_M.uexp" 50
"../../../Engine/Content/EngineMaterials/T_Default_Material_Grid_N.uasset" 51
"../../../Engine/Content/EngineMaterials/T_Default_Material_Grid_N.uexp" 52
"../../../Engine/Content/EngineMaterials/T_Default_Material_Grid_N.ubulk" 53
"../../../Engine/Content/Functions/Engine_MaterialFunctions01/Opacity/CameraDepthFade.uexp" 54
"../../../Engine/Content/Functions/Engine_MaterialFunctions01/Opacity/CameraDepthFade.uasset" 55
"../../../Engine/Content/EngineMaterials/WorldGridMaterial.uexp" 56
"../../../Engine/Content/EngineMaterials/WorldGridMaterial.uasset" 57
"../../../Engine/Content/ArtTools/RenderToTexture/Meshes/S_1_Unit_Plane.uexp" 58
"../../../Engine/Content/ArtTools/RenderToTexture/Meshes/S_1_Unit_Plane.uasset" 59
"../../../Engine/Content/VREditor/LaserPointer/VR_LaserPower_01.uexp" 60
"../../../Engine/Content/VREditor/LaserPointer/VR_LaserPower_01.ubulk" 61
"../../../Engine/Content/VREditor/LaserPointer/VR_LaserPower_01.uasset" 62
"../../../Engine/Content/VREditor/TransformGizmo/TransformGizmoMaterial.uasset" 63
"../../../Engine/Content/VREditor/TransformGizmo/TransformGizmoMaterial.uexp" 64
"../../../Engine/Content/VREditor/TransformGizmo/TranslucentTransformGizmoMaterial.uasset" 65
"../../../Engine/Content/VREditor/TransformGizmo/TranslucentTransformGizmoMaterial.uexp" 66
"../../../Engine/Content/VREditor/TransformGizmo/PlaneTranslationHandle.uasset" 67
"../../../Engine/Content/VREditor/TransformGizmo/PlaneTranslationHandle.uexp" 68
"../../../Engine/Content/VREditor/TransformGizmo/BoundingBoxCorner.uasset" 69
"../../../Engine/Content/VREditor/TransformGizmo/BoundingBoxCorner.uexp" 70
"../../../Engine/Content/VREditor/TransformGizmo/BoundingBoxEdge.uexp" 71
"../../../Engine/Content/VREditor/TransformGizmo/BoundingBoxEdge.uasset" 72
"../../../Engine/Content/VREditor/TransformGizmo/Main.uasset" 73
"../../../Engine/Content/VREditor/TransformGizmo/Main.uexp" 74
"../../../Engine/Content/VREditor/TransformGizmo/Xray.uexp" 75
"../../../Engine/Content/VREditor/TransformGizmo/Xray.uasset" 76
"../../../Engine/Content/VREditor/TransformGizmo/SM_Sequencer_Node.uexp" 77
"../../../Engine/Content/VREditor/TransformGizmo/SM_Sequencer_Node.uasset" 78
"../../../Engine/Content/EditorMaterials/ParticleSystems/PSysThumbnail_NoImage.ubulk" 79
"../../../Engine/Content/EditorMaterials/ParticleSystems/PSysThumbnail_NoImage.uexp" 80
"../../../Engine/Content/EditorMaterials/ParticleSystems/PSysThumbnail_NoImage.uasset" 81
"../../../Engine/Content/EditorMaterials/ParticleSystems/PSysThumbnail_OOD.ubulk" 82
"../../../Engine/Content/EditorMaterials/ParticleSystems/PSysThumbnail_OOD.uexp" 83
"../../../Engine/Content/EditorMaterials/ParticleSystems/PSysThumbnail_OOD.uasset" 84
"../../../Engine/Content/EditorLandscapeResources/SplineEditorMeshMat.uasset" 85
"../../../Engine/Content/EditorLandscapeResources/SplineEditorMeshMat.uexp" 86
"../../../Engine/Content/EditorLandscapeResources/SplineEditorMesh.uasset" 87
"../../../Engine/Content/EditorLandscapeResources/SplineEditorMesh.uexp" 88
"../../../Engine/Content/EditorLandscapeResources/DefaultAlphaTexture.uexp" 89
"../../../Engine/Content/EditorLandscapeResources/DefaultAlphaTexture.uasset" 90
"../../../Engine/Content/EditorResources/S_Terrain.uasset" 91
"../../../Engine/Content/EditorResources/S_Terrain.uexp" 92
"../../../Engine/Content/EditorResources/S_Terrain.ubulk" 93
"../../../Engine/Plugins/Media/MediaPlate/Content/SM_MediaPlateScreen.uasset" 94
"../../../Engine/Plugins/Media/MediaPlate/Content/SM_MediaPlateScreen.uexp" 95
"../../../Engine/Content/EngineMaterials/Good64x64TilingNoiseHighFreq.uasset" 96
"../../../Engine/Content/EngineMaterials/Good64x64TilingNoiseHighFreq.uexp" 97
"../../../Engine/Content/EngineMaterials/DefaultBokeh.uexp" 98
"../../../Engine/Content/EngineMaterials/DefaultBokeh.uasset" 99
"../../../Engine/Content/EngineMaterials/PreintegratedSkinBRDF.uexp" 100
"../../../Engine/Content/EngineMaterials/PreintegratedSkinBRDF.uasset" 101
"../../../Engine/Content/EngineMaterials/MiniFont.uexp" 102
"../../../Engine/Content/EngineMaterials/MiniFont.uasset" 103
"../../../Engine/Content/EngineMaterials/WeightMapPlaceholderTexture.uasset" 104
"../../../Engine/Content/EngineMaterials/WeightMapPlaceholderTexture.uexp" 105
"../../../Engine/Content/EngineMaterials/DefaultWhiteGrid.ubulk" 106
"../../../Engine/Content/EngineMaterials/DefaultWhiteGrid.uexp" 107
"../../../Engine/Content/EngineMaterials/DefaultWhiteGrid.uasset" 108
"../../../Engine/Content/Functions/Engine_MaterialFunctions02/WorldPositionOffset/CameraOffset.uexp" 109
"../../../Engine/Content/Functions/Engine_MaterialFunctions02/WorldPositionOffset/CameraOffset.uasset" 110
"../../../Engine/Plugins/Animation/ControlRig/Content/M_Manip.uasset" 111
"../../../Engine/Plugins/Animation/ControlRig/Content/M_Manip.uexp" 112
"../../../Engine/Plugins/2D/Paper2D/Content/PlaceholderTextures/DummySpriteTexture.ubulk" 113
"../../../Engine/Plugins/2D/Paper2D/Content/PlaceholderTextures/DummySpriteTexture.uexp" 114
"../../../Engine/Plugins/2D/Paper2D/Content/PlaceholderTextures/DummySpriteTexture.uasset" 115
"../../../Engine/Plugins/2D/Paper2D/Content/DefaultSpriteMaterial.uexp" 116
"../../../Engine/Plugins/2D/Paper2D/Content/DefaultSpriteMaterial.uasset" 117
"../../../Engine/Plugins/2D/Paper2D/Content/MaskedUnlitSpriteMaterial.uexp" 118
"../../../Engine/Plugins/2D/Paper2D/Content/MaskedUnlitSpriteMaterial.uasset" 119
"../../../Engine/Plugins/2D/Paper2D/Content/DummySprite.uasset" 120
"../../../Engine/Plugins/2D/Paper2D/Content/DummySprite.uexp" 121
"../../../Engine/Plugins/2D/Paper2D/Content/DefaultPaperTerrainMaterial.uexp" 122
"../../../Engine/Plugins/2D/Paper2D/Content/DefaultPaperTerrainMaterial.uasset" 123
"../../../Engine/Plugins/2D/Paper2D/Content/OpaqueUnlitSpriteMaterial.uasset" 124
"../../../Engine/Plugins/2D/Paper2D/Content/OpaqueUnlitSpriteMaterial.uexp" 125
"../../../Engine/Content/EngineFonts/Faces/RobotoLight.ufont" 126
"../../../Engine/Content/EngineFonts/Faces/RobotoLight.uasset" 127
"../../../Engine/Content/EngineFonts/Faces/RobotoLight.uexp" 128
"../../../Engine/Content/EngineFonts/Faces/RobotoBold.ufont" 129
"../../../Engine/Content/EngineFonts/Faces/RobotoBold.uasset" 130
"../../../Engine/Content/EngineFonts/Faces/RobotoBold.uexp" 131
"../../../Engine/Content/EngineFonts/Faces/RobotoRegular.uasset" 132
"../../../Engine/Content/EngineFonts/Faces/RobotoRegular.uexp" 133
"../../../Engine/Content/EngineFonts/Faces/RobotoRegular.ufont" 134
"../../../Engine/Content/EngineFonts/Faces/DroidSansFallback.uasset" 135
"../../../Engine/Content/EngineFonts/Faces/DroidSansFallback.ufont" 136
"../../../Engine/Content/EngineFonts/Faces/DroidSansFallback.uexp" 137
"../../../Engine/Content/EngineFonts/Faces/RobotoItalic.ufont" 138
"../../../Engine/Content/EngineFonts/Faces/RobotoItalic.uasset" 139
"../../../Engine/Content/EngineFonts/Faces/RobotoItalic.uexp" 140
"../../../Engine/Content/EngineFonts/Faces/RobotoBoldItalic.uasset" 141
"../../../Engine/Content/EngineFonts/Faces/RobotoBoldItalic.uexp" 142
"../../../Engine/Content/EngineFonts/Faces/RobotoBoldItalic.ufont" 143
"../../../Engine/Content/EngineFonts/Roboto.uasset" 144
"../../../Engine/Content/EngineFonts/Roboto.uexp" 145
"../../../Engine/Plugins/Editor/SpeedTreeImporter/Content/SpeedTree9/game_wind_noise.uexp" 146
"../../../Engine/Plugins/Editor/SpeedTreeImporter/Content/SpeedTree9/game_wind_noise.uasset" 147
"../../../Engine/Plugins/Editor/SpeedTreeImporter/Content/SpeedTree9/game_wind_noise.ubulk" 148
"../../../Engine/Plugins/Editor/SpeedTreeImporter/Content/SpeedTree9/UnpackDirection.uexp" 149
"../../../Engine/Plugins/Editor/SpeedTreeImporter/Content/SpeedTree9/UnpackDirection.uasset" 150
"../../../Engine/Content/Functions/Engine_MaterialFunctions02/ObjectLocalBounds.uasset" 151
"../../../Engine/Content/Functions/Engine_MaterialFunctions02/ObjectLocalBounds.uexp" 152
"../../../Engine/Content/Functions/Engine_MaterialFunctions02/Utility/BreakOutFloat3Components.uasset" 153
"../../../Engine/Content/Functions/Engine_MaterialFunctions02/Utility/BreakOutFloat3Components.uexp" 154
"../../../Engine/Content/Functions/Engine_MaterialFunctions02/UVs/BoundingBoxBased_0-1_UVW.uexp" 155
"../../../Engine/Content/Functions/Engine_MaterialFunctions02/UVs/BoundingBoxBased_0-1_UVW.uasset" 156
"../../../Engine/Content/Functions/Engine_MaterialFunctions02/Utility/VectorLength.uexp" 157
"../../../Engine/Content/Functions/Engine_MaterialFunctions02/Utility/VectorLength.uasset" 158
"../../../Engine/Plugins/Editor/SpeedTreeImporter/Content/SpeedTree9/UnpackInteger3.uexp" 159
"../../../Engine/Plugins/Editor/SpeedTreeImporter/Content/SpeedTree9/UnpackInteger3.uasset" 160
"../../../Engine/Plugins/Editor/SpeedTreeImporter/Content/SpeedTree9/SpeedTreeCameraFacing.uasset" 161
"../../../Engine/Plugins/Editor/SpeedTreeImporter/Content/SpeedTree9/SpeedTreeCameraFacing.uexp" 162
"../../../Engine/Content/Functions/Engine_MaterialFunctions02/WorldPositionOffset/ObjectScale.uexp" 163
"../../../Engine/Content/Functions/Engine_MaterialFunctions02/WorldPositionOffset/ObjectScale.uasset" 164
"../../../Engine/Content/Functions/Engine_MaterialFunctions02/SafeNormalize.uasset" 165
"../../../Engine/Content/Functions/Engine_MaterialFunctions02/SafeNormalize.uexp" 166
"../../../Engine/Plugins/Editor/SpeedTreeImporter/Content/SpeedTree9/SpeedTreeWindMotion.uexp" 167
"../../../Engine/Plugins/Editor/SpeedTreeImporter/Content/SpeedTree9/SpeedTreeWindMotion.uasset" 168
"../../../Engine/Plugins/Editor/SpeedTreeImporter/Content/SpeedTree9/SpeedTreeBranchMotion.uexp" 169
"../../../Engine/Plugins/Editor/SpeedTreeImporter/Content/SpeedTree9/SpeedTreeBranchMotion.uasset" 170
"../../../Engine/Plugins/Editor/SpeedTreeImporter/Content/SpeedTree9/SpeedTreeWind.uasset" 171
"../../../Engine/Plugins/Editor/SpeedTreeImporter/Content/SpeedTree9/SpeedTreeWind.uexp" 172
"../../../Engine/Plugins/Editor/SpeedTreeImporter/Content/SpeedTree9/EmptyNormal.uasset" 173
"../../../Engine/Plugins/Editor/SpeedTreeImporter/Content/SpeedTree9/EmptyNormal.uexp" 174
"../../../Engine/Plugins/Editor/SpeedTreeImporter/Content/SpeedTree9/Empty.uasset" 175
"../../../Engine/Plugins/Editor/SpeedTreeImporter/Content/SpeedTree9/Empty.uexp" 176
"../../../Engine/Plugins/Editor/SpeedTreeImporter/Content/SpeedTree9/SpeedTreeMaster.uexp" 177
"../../../Engine/Plugins/Editor/SpeedTreeImporter/Content/SpeedTree9/SpeedTreeMaster.uasset" 178
"../../../Engine/Plugins/Editor/SpeedTreeImporter/Content/SpeedTree9/SpeedTreeBillboard.uexp" 179
"../../../Engine/Plugins/Editor/SpeedTreeImporter/Content/SpeedTree9/SpeedTreeBillboard.uasset" 180
"../../../Engine/Plugins/Editor/SpeedTreeImporter/Content/SpeedTree9/SpeedTreeBillboardMaster.uasset" 181
"../../../Engine/Plugins/Editor/SpeedTreeImporter/Content/SpeedTree9/SpeedTreeBillboardMaster.uexp" 182
"../../../Engine/Plugins/Animation/ControlRig/Content/Controls/ControlRig_Octagon_solid.uexp" 183
"../../../Engine/Plugins/Animation/ControlRig/Content/Controls/ControlRig_Octagon_solid.uasset" 184
"../../../Engine/Plugins/Animation/ControlRig/Content/Controls/ControlRig_Pyramid_solid.uexp" 185
"../../../Engine/Plugins/Animation/ControlRig/Content/Controls/ControlRig_Pyramid_solid.uasset" 186
"../../../Engine/Plugins/Animation/ControlRig/Content/Controls/ControlRig_Wedge_solid.uexp" 187
"../../../Engine/Plugins/Animation/ControlRig/Content/Controls/ControlRig_Wedge_solid.uasset" 188
"../../../Engine/Plugins/Animation/ControlRig/Content/Controls/ControlRig_RoundedSquare_1mm.uexp" 189
"../../../Engine/Plugins/Animation/ControlRig/Content/Controls/ControlRig_RoundedSquare_1mm.uasset" 190
"../../../Engine/Plugins/Animation/ControlRig/Content/Controls/ControlRig_Star4_1mm.uexp" 191
"../../../Engine/Plugins/Animation/ControlRig/Content/Controls/ControlRig_Star4_1mm.uasset" 192
"../../../Engine/Plugins/Animation/ControlRig/Content/Controls/ControlRigXRayMaterial.uexp" 193
"../../../Engine/Plugins/Animation/ControlRig/Content/Controls/ControlRigXRayMaterial.uasset" 194
"../../../Engine/Content/BasicShapes/Cube.uasset" 195
"../../../Engine/Content/BasicShapes/Cube.uexp" 196
"/Users/khushishukla/Desktop/Ghost_Gobbler 5.2/Content/Blueprints/GameBoardInteractions.uasset" 197
"/Users/khushishukla/Desktop/Ghost_Gobbler 5.2/Content/Blueprints/GameBoardInteractions.uexp" 198
"../../../Engine/Content/EngineMaterials/DefaultMaterial.uasset" 199
"../../../Engine/Content/EngineMaterials/DefaultMaterial.uexp" 200
"../../../Engine/Content/BasicShapes/Sphere.uexp" 201
"../../../Engine/Content/BasicShapes/Sphere.uasset" 202
"/Users/khushishukla/Desktop/Ghost_Gobbler 5.2/Content/Assets/SFX/zapsplat_multimedia_game_sound_retro_basic_synth_buzz_positive_musical_009_64986.uasset" 203
"/Users/khushishukla/Desktop/Ghost_Gobbler 5.2/Content/Assets/SFX/zapsplat_multimedia_game_sound_retro_basic_synth_buzz_positive_musical_009_64986.uexp" 204
"/Users/khushishukla/Desktop/Ghost_Gobbler 5.2/Content/Assets/SFX/zapsplat_multimedia_game_sound_retro_basic_synth_buzz_positive_musical_009_64986.ubulk" 205
"/Users/khushishukla/Desktop/Ghost_Gobbler 5.2/Content/Assets/PressStart2P-Regular.ufont" 206
"/Users/khushishukla/Desktop/Ghost_Gobbler 5.2/Content/Assets/PressStart2P-Regular.uasset" 207
"/Users/khushishukla/Desktop/Ghost_Gobbler 5.2/Content/Assets/PressStart2P-Regular.uexp" 208
"/Users/khushishukla/Desktop/Ghost_Gobbler 5.2/Content/Assets/PressStart2P-Regular_Font.uexp" 209
"/Users/khushishukla/Desktop/Ghost_Gobbler 5.2/Content/Assets/PressStart2P-Regular_Font.uasset" 210
"/Users/khushishukla/Desktop/Ghost_Gobbler 5.2/Content/Assets/Materials/MatBase.uexp" 211
"/Users/khushishukla/Desktop/Ghost_Gobbler 5.2/Content/Assets/Materials/MatBase.uasset" 212
"/Users/khushishukla/Desktop/Ghost_Gobbler 5.2/Content/Assets/Materials/Mat_Pickup.uexp" 213
"/Users/khushishukla/Desktop/Ghost_Gobbler 5.2/Content/Assets/Materials/Mat_Pickup.uasset" 214
"/Users/khushishukla/Desktop/Ghost_Gobbler 5.2/Content/Blueprints/PickUpObject.uexp" 215
"/Users/khushishukla/Desktop/Ghost_Gobbler 5.2/Content/Blueprints/PickUpObject.uasset" 216
"../../../Engine/Content/EditorBlueprintResources/StandardMacros.uasset" 217
"../../../Engine/Content/EditorBlueprintResources/StandardMacros.uexp" 218
"/Users/khushishukla/Desktop/Ghost_Gobbler 5.2/Content/MainHUD.uexp" 219
"/Users/khushishukla/Desktop/Ghost_Gobbler 5.2/Content/MainHUD.uasset" 220
"/Users/khushishukla/Desktop/Ghost_Gobbler 5.2/Content/Blueprints/PackManDirections.uexp" 221
"/Users/khushishukla/Desktop/Ghost_Gobbler 5.2/Content/Blueprints/PackManDirections.uasset" 222
"../../../Engine/Content/BasicShapes/BasicShapeMaterial.uexp" 223
"../../../Engine/Content/BasicShapes/BasicShapeMaterial.uasset" 224
"/Users/khushishukla/Desktop/Ghost_Gobbler 5.2/Content/Blueprints/GhostBehavior.uexp" 225
"/Users/khushishukla/Desktop/Ghost_Gobbler 5.2/Content/Blueprints/GhostBehavior.uasset" 226
"/Users/khushishukla/Desktop/Ghost_Gobbler 5.2/Content/Blueprints/Ghosts.uasset" 227
"/Users/khushishukla/Desktop/Ghost_Gobbler 5.2/Content/Blueprints/Ghosts.uexp" 228
"/Users/khushishukla/Desktop/Ghost_Gobbler 5.2/Content/Assets/SFX/zapsplat_multimedia_game_sound_digital_retro_simple_positive_tone_collect_point_item_003_80634.uasset" 229
"/Users/khushishukla/Desktop/Ghost_Gobbler 5.2/Content/Assets/SFX/zapsplat_multimedia_game_sound_digital_retro_simple_positive_tone_collect_point_item_003_80634.uexp" 230
"/Users/khushishukla/Desktop/Ghost_Gobbler 5.2/Content/Assets/SFX/zapsplat_multimedia_game_sound_digital_retro_simple_positive_tone_collect_point_item_003_80634.ubulk" 231
"/Users/khushishukla/Desktop/Ghost_Gobbler 5.2/Content/Assets/Materials/Mat_PackMan.uexp" 232
"/Users/khushishukla/Desktop/Ghost_Gobbler 5.2/Content/Assets/Materials/Mat_PackMan.uasset" 233
"/Users/khushishukla/Desktop/Ghost_Gobbler 5.2/Content/Assets/SFX/zapsplat_multimedia_game_sound_basic_digital_retro_incorrect_error_negative_010_40471.uexp" 234
"/Users/khushishukla/Desktop/Ghost_Gobbler 5.2/Content/Assets/SFX/zapsplat_multimedia_game_sound_basic_digital_retro_incorrect_error_negative_010_40471.ubulk" 235
"/Users/khushishukla/Desktop/Ghost_Gobbler 5.2/Content/Assets/SFX/zapsplat_multimedia_game_sound_basic_digital_retro_incorrect_error_negative_010_40471.uasset" 236
"/Users/khushishukla/Desktop/Ghost_Gobbler 5.2/Content/Assets/PacMan.uasset" 237
"/Users/khushishukla/Desktop/Ghost_Gobbler 5.2/Content/Assets/PacMan.uexp" 238
"/Users/khushishukla/Desktop/Ghost_Gobbler 5.2/Content/Assets/Materials/Mat_Square.uasset" 239
"/Users/khushishukla/Desktop/Ghost_Gobbler 5.2/Content/Assets/Materials/Mat_Square.uexp" 240
"/Users/khushishukla/Desktop/Ghost_Gobbler 5.2/Content/Assets/Mat_Labyrinth.uexp" 241
"/Users/khushishukla/Desktop/Ghost_Gobbler 5.2/Content/Assets/Mat_Labyrinth.uasset" 242
"/Users/khushishukla/Desktop/Ghost_Gobbler 5.2/Content/Assets/PackManLabytinthFullV2.uexp" 243
"/Users/khushishukla/Desktop/Ghost_Gobbler 5.2/Content/Assets/PackManLabytinthFullV2.uasset" 244
"/Users/khushishukla/Desktop/Ghost_Gobbler 5.2/Content/Blueprints/GameBoard.uexp" 245
"/Users/khushishukla/Desktop/Ghost_Gobbler 5.2/Content/Blueprints/GameBoard.uasset" 246
"/Users/khushishukla/Desktop/Ghost_Gobbler 5.2/Content/Assets/Materials/Mat_Labyrinth.uexp" 247
"/Users/khushishukla/Desktop/Ghost_Gobbler 5.2/Content/Assets/Materials/Mat_Labyrinth.uasset" 248
"/Users/khushishukla/Desktop/Ghost_Gobbler 5.2/Content/Assets/PackManLabytinth.uasset" 249
"/Users/khushishukla/Desktop/Ghost_Gobbler 5.2/Content/Assets/PackManLabytinth.uexp" 250
"/Users/khushishukla/Desktop/Ghost_Gobbler 5.2/Content/Blueprints/GameBoardWallMaster.uasset" 251
"/Users/khushishukla/Desktop/Ghost_Gobbler 5.2/Content/Blueprints/GameBoardWallMaster.uexp" 252
"/Users/khushishukla/Desktop/Ghost_Gobbler 5.2/Content/Assets/PackManLabytinthFull.uexp" 253
"/Users/khushishukla/Desktop/Ghost_Gobbler 5.2/Content/Assets/PackManLabytinthFull.uasset" 254
"/Users/khushishukla/Desktop/Ghost_Gobbler 5.2/Content/Assets/material_2001.uasset" 255
"/Users/khushishukla/Desktop/Ghost_Gobbler 5.2/Content/Assets/material_2001.uexp" 256
"../../../Engine/Plugins/Runtime/MeshModelingToolset/Content/Materials/M_DynamicMeshComponentVtxColor.uexp" 257
"../../../Engine/Plugins/Runtime/MeshModelingToolset/Content/Materials/M_DynamicMeshComponentVtxColor.uasset" 258
"../../../Engine/Plugins/Interchange/Runtime/Content/Pipelines/DefaultAssetsPipeline.uexp" 259
"../../../Engine/Plugins/Interchange/Runtime/Content/Pipelines/DefaultAssetsPipeline.uasset" 260
"../../../Engine/Plugins/Interchange/Runtime/Content/Pipelines/DefaultSceneLevelPipeline.uexp" 261
"../../../Engine/Plugins/Interchange/Runtime/Content/Pipelines/DefaultSceneLevelPipeline.uasset" 262
"../../../Engine/Plugins/Interchange/Runtime/Content/Pipelines/DefaultSceneAssetsPipeline.uasset" 263
"../../../Engine/Plugins/Interchange/Runtime/Content/Pipelines/DefaultSceneAssetsPipeline.uexp" 264
"../../../Engine/Plugins/Interchange/Runtime/Content/Pipelines/DefaultMaterialPipeline.uasset" 265
"../../../Engine/Plugins/Interchange/Runtime/Content/Pipelines/DefaultMaterialPipeline.uexp" 266
"../../../Engine/Plugins/Interchange/Runtime/Content/Pipelines/DefaultTexturePipeline.uasset" 267
"../../../Engine/Plugins/Interchange/Runtime/Content/Pipelines/DefaultTexturePipeline.uexp" 268
"../../../Engine/Plugins/Animation/ControlRig/Content/Controls/ControlRig_Hexagon_solid.uexp" 269
"../../../Engine/Plugins/Animation/ControlRig/Content/Controls/ControlRig_Hexagon_solid.uasset" 270
"../../../Engine/Plugins/Animation/ControlRig/Content/Controls/ControlRig_Arrow_solid.uexp" 271
"../../../Engine/Plugins/Animation/ControlRig/Content/Controls/ControlRig_Arrow_solid.uasset" 272
"../../../Engine/Plugins/Animation/ControlRig/Content/Controls/ControlRig_Triangle_3mm.uexp" 273
"../../../Engine/Plugins/Animation/ControlRig/Content/Controls/ControlRig_Triangle_3mm.uasset" 274
"../../../Engine/Plugins/Animation/ControlRig/Content/Controls/ControlRig_Box_solid.uasset" 275
"../../../Engine/Plugins/Animation/ControlRig/Content/Controls/ControlRig_Box_solid.uexp" 276
"../../../Engine/Plugins/Animation/ControlRig/Content/Controls/ControlRig_Wedge_3mm.uasset" 277
"../../../Engine/Plugins/Animation/ControlRig/Content/Controls/ControlRig_Wedge_3mm.uexp" 278
"../../../Engine/Plugins/Animation/ControlRig/Content/Controls/ControlRig_HalfCircle_1mm.uexp" 279
"../../../Engine/Plugins/Animation/ControlRig/Content/Controls/ControlRig_HalfCircle_1mm.uasset" 280
"../../../Engine/Plugins/Animation/ControlRig/Content/Controls/ControlRig_HalfCircle_solid.uexp" 281
"../../../Engine/Plugins/Animation/ControlRig/Content/Controls/ControlRig_HalfCircle_solid.uasset" 282
"../../../Engine/Plugins/Animation/ControlRig/Content/Controls/ControlRig_Arrow2_1mm.uexp" 283
"../../../Engine/Plugins/Animation/ControlRig/Content/Controls/ControlRig_Arrow2_1mm.uasset" 284
"../../../Engine/Plugins/Animation/ControlRig/Content/Controls/ControlRig_Octagon_3mm.uexp" 285
"../../../Engine/Plugins/Animation/ControlRig/Content/Controls/ControlRig_Octagon_3mm.uasset" 286
"../../../Engine/Plugins/Animation/ControlRig/Content/Controls/ControlRig_Box_3mm.uexp" 287
"../../../Engine/Plugins/Animation/ControlRig/Content/Controls/ControlRig_Box_3mm.uasset" 288
"../../../Engine/Plugins/Animation/ControlRig/Content/Controls/ControlRig_Sphere_1mm.uexp" 289
"../../../Engine/Plugins/Animation/ControlRig/Content/Controls/ControlRig_Sphere_1mm.uasset" 290
"../../../Engine/Plugins/Animation/ControlRig/Content/Controls/ControlRig_Pyramid_3mm.uasset" 291
"../../../Engine/Plugins/Animation/ControlRig/Content/Controls/ControlRig_Pyramid_3mm.uexp" 292
"../../../Engine/Plugins/Animation/ControlRig/Content/Controls/ControlRig_QuarterCircle_3mm.uexp" 293
"../../../Engine/Plugins/Animation/ControlRig/Content/Controls/ControlRig_QuarterCircle_3mm.uasset" 294
"../../../Engine/Plugins/Animation/ControlRig/Content/Controls/ControlRig_Circle_1mm.uexp" 295
"../../../Engine/Plugins/Animation/ControlRig/Content/Controls/ControlRig_Circle_1mm.uasset" 296
"../../../Engine/Plugins/Animation/ControlRig/Content/Controls/ControlRig_RoundedTriangle_3mm.uexp" 297
"../../../Engine/Plugins/Animation/ControlRig/Content/Controls/ControlRig_RoundedTriangle_3mm.uasset" 298
"../../../Engine/Plugins/Animation/ControlRig/Content/Controls/ControlRig_Triangle_solid.uasset" 299
"../../../Engine/Plugins/Animation/ControlRig/Content/Controls/ControlRig_Triangle_solid.uexp" 300
"../../../Engine/Plugins/Animation/ControlRig/Content/Controls/ControlRig_Diamond_1mm.uexp" 301
"../../../Engine/Plugins/Animation/ControlRig/Content/Controls/ControlRig_Diamond_1mm.uasset" 302
"../../../Engine/Plugins/Animation/ControlRig/Content/Controls/ControlRig_Arrow2_solid.uexp" 303
"../../../Engine/Plugins/Animation/ControlRig/Content/Controls/ControlRig_Arrow2_solid.uasset" 304
"../../../Engine/Plugins/Animation/ControlRig/Content/Controls/ControlRig_Arrow4_3mm.uasset" 305
"../../../Engine/Plugins/Animation/ControlRig/Content/Controls/ControlRig_Arrow4_3mm.uexp" 306
"../../../Engine/Plugins/Animation/ControlRig/Content/Controls/ControlRig_Hexagon_1mm.uexp" 307
"../../../Engine/Plugins/Animation/ControlRig/Content/Controls/ControlRig_Hexagon_1mm.uasset" 308
"../../../Engine/Plugins/Animation/ControlRig/Content/Controls/ControlRig_QuarterCircle_solid.uasset" 309
"../../../Engine/Plugins/Animation/ControlRig/Content/Controls/ControlRig_QuarterCircle_solid.uexp" 310
"../../../Engine/Plugins/Animation/ControlRig/Content/Controls/ControlRig_Arrow_1mm.uexp" 311
"../../../Engine/Plugins/Animation/ControlRig/Content/Controls/ControlRig_Arrow_1mm.uasset" 312
"../../../Engine/Plugins/Animation/ControlRig/Content/Controls/ControlRig_Square_1mm.uexp" 313
"../../../Engine/Plugins/Animation/ControlRig/Content/Controls/ControlRig_Square_1mm.uasset" 314
"../../../Engine/Plugins/Animation/ControlRig/Content/Controls/ControlRig_Circle_solid.uexp" 315
"../../../Engine/Plugins/Animation/ControlRig/Content/Controls/ControlRig_Circle_solid.uasset" 316
"../../../Engine/Plugins/Animation/ControlRig/Content/Controls/ControlRig_Arrow4_solid.uasset" 317
"../../../Engine/Plugins/Animation/ControlRig/Content/Controls/ControlRig_Arrow4_solid.uexp" 318
"../../../Engine/Plugins/Animation/ControlRig/Content/Controls/ControlRig_RoundedSquare_solid.uexp" 319
"../../../Engine/Plugins/Animation/ControlRig/Content/Controls/ControlRig_RoundedSquare_solid.uasset" 320
"../../../Engine/Plugins/Animation/ControlRig/Content/Controls/ControlRig_Star4_solid.uexp" 321
"../../../Engine/Plugins/Animation/ControlRig/Content/Controls/ControlRig_Star4_solid.uasset" 322
"../../../Engine/Plugins/Animation/ControlRig/Content/Controls/ControlRig_Diamond_solid.uexp" 323
"../../../Engine/Plugins/Animation/ControlRig/Content/Controls/ControlRig_Diamond_solid.uasset" 324
"../../../Engine/Plugins/Animation/ControlRig/Content/Controls/ControlRig_Arrow2_3mm.uasset" 325
"../../../Engine/Plugins/Animation/ControlRig/Content/Controls/ControlRig_Arrow2_3mm.uexp" 326
"../../../Engine/Plugins/Animation/ControlRig/Content/Controls/ControlRig_Box_1mm.uexp" 327
"../../../Engine/Plugins/Animation/ControlRig/Content/Controls/ControlRig_Box_1mm.uasset" 328
"../../../Engine/Plugins/Animation/ControlRig/Content/Controls/ControlRig_Octagon_1mm.uasset" 329
"../../../Engine/Plugins/Animation/ControlRig/Content/Controls/ControlRig_Octagon_1mm.uexp" 330
"../../../Engine/Plugins/Animation/ControlRig/Content/Controls/ControlRig_Sphere_3mm.uexp" 331
"../../../Engine/Plugins/Animation/ControlRig/Content/Controls/ControlRig_Sphere_3mm.uasset" 332
"../../../Engine/Plugins/Animation/ControlRig/Content/Controls/ControlRig_Triangle_1mm.uexp" 333
"../../../Engine/Plugins/Animation/ControlRig/Content/Controls/ControlRig_Triangle_1mm.uasset" 334
"../../../Engine/Plugins/Animation/ControlRig/Content/Controls/ControlRig_RoundedTriangle_solid.uasset" 335
"../../../Engine/Plugins/Animation/ControlRig/Content/Controls/ControlRig_RoundedTriangle_solid.uexp" 336
"../../../Engine/Plugins/Animation/ControlRig/Content/Controls/ControlRig_HalfCircle_3mm.uexp" 337
"../../../Engine/Plugins/Animation/ControlRig/Content/Controls/ControlRig_HalfCircle_3mm.uasset" 338
"../../../Engine/Plugins/Animation/ControlRig/Content/Controls/ControlRig_Wedge_1mm.uasset" 339
"../../../Engine/Plugins/Animation/ControlRig/Content/Controls/ControlRig_Wedge_1mm.uexp" 340
"../../../Engine/Plugins/Animation/ControlRig/Content/Controls/DefaultGizmoLibraryNormalized.uexp" 341
"../../../Engine/Plugins/Animation/ControlRig/Content/Controls/DefaultGizmoLibraryNormalized.uasset" 342
"../../../Engine/Plugins/Animation/ControlRig/Content/Controls/ControlRig_RoundedSquare_3mm.uasset" 343
"../../../Engine/Plugins/Animation/ControlRig/Content/Controls/ControlRig_RoundedSquare_3mm.uexp" 344
"../../../Engine/Plugins/Animation/ControlRig/Content/Controls/ControlRig_Star4_3mm.uexp" 345
"../../../Engine/Plugins/Animation/ControlRig/Content/Controls/ControlRig_Star4_3mm.uasset" 346
"../../../Engine/Plugins/Animation/ControlRig/Content/Controls/ControlRig_Square_3mm.uexp" 347
"../../../Engine/Plugins/Animation/ControlRig/Content/Controls/ControlRig_Square_3mm.uasset" 348
"../../../Engine/Plugins/Animation/ControlRig/Content/Controls/ControlRig_Sphere_solid.uasset" 349
"../../../Engine/Plugins/Animation/ControlRig/Content/Controls/ControlRig_Sphere_solid.uexp" 350
"../../../Engine/Plugins/Animation/ControlRig/Content/Controls/ControlRig_Hexagon_3mm.uasset" 351
"../../../Engine/Plugins/Animation/ControlRig/Content/Controls/ControlRig_Hexagon_3mm.uexp" 352
"../../../Engine/Plugins/Animation/ControlRig/Content/Controls/ControlRig_Arrow_3mm.uasset" 353
"../../../Engine/Plugins/Animation/ControlRig/Content/Controls/ControlRig_Arrow_3mm.uexp" 354
"../../../Engine/Plugins/Animation/ControlRig/Content/Controls/ControlRig_Diamond_3mm.uasset" 355
"../../../Engine/Plugins/Animation/ControlRig/Content/Controls/ControlRig_Diamond_3mm.uexp" 356
"../../../Engine/Plugins/Animation/ControlRig/Content/Controls/ControlRig_Square_solid.uasset" 357
"../../../Engine/Plugins/Animation/ControlRig/Content/Controls/ControlRig_Square_solid.uexp" 358
"../../../Engine/Plugins/Animation/ControlRig/Content/Controls/ControlRig_Arrow4_1mm.uasset" 359
"../../../Engine/Plugins/Animation/ControlRig/Content/Controls/ControlRig_Arrow4_1mm.uexp" 360
"../../../Engine/Plugins/Animation/ControlRig/Content/Controls/ControlRig_Pyramid_1mm.uasset" 361
"../../../Engine/Plugins/Animation/ControlRig/Content/Controls/ControlRig_Pyramid_1mm.uexp" 362
"../../../Engine/Plugins/Animation/ControlRig/Content/Controls/ControlRig_QuarterCircle_1mm.uasset" 363
"../../../Engine/Plugins/Animation/ControlRig/Content/Controls/ControlRig_QuarterCircle_1mm.uexp" 364
"../../../Engine/Plugins/Animation/ControlRig/Content/Controls/ControlRig_Circle_3mm.uasset" 365
"../../../Engine/Plugins/Animation/ControlRig/Content/Controls/ControlRig_Circle_3mm.uexp" 366
"../../../Engine/Plugins/Animation/ControlRig/Content/Controls/ControlRig_RoundedTriangle_1mm.uasset" 367
"../../../Engine/Plugins/Animation/ControlRig/Content/Controls/ControlRig_RoundedTriangle_1mm.uexp" 368
"../../../Engine/Plugins/Animation/ControlRig/Content/Controls/ControlRigGizmoMaterial.uasset" 369
"../../../Engine/Plugins/Animation/ControlRig/Content/Controls/ControlRigGizmoMaterial.uexp" 370
"../../../Engine/Content/EngineSounds/Master.uexp" 371
"../../../Engine/Content/EngineSounds/Master.uasset" 372
"../../../Engine/Content/EngineMaterials/DefaultLightFunctionMaterial.uasset" 373
"../../../Engine/Content/EngineMaterials/DefaultLightFunctionMaterial.uexp" 374
"../../../Engine/Content/EngineResources/WhiteSquareTexture.uexp" 375
"../../../Engine/Content/EngineResources/WhiteSquareTexture.uasset" 376
"../../../Engine/Content/EngineMaterials/Widget3DPassThrough.uexp" 377
"../../../Engine/Content/EngineMaterials/Widget3DPassThrough.uasset" 378
"../../../Engine/Content/EngineMaterials/Widget3DPassThrough_Opaque.uasset" 379
"../../../Engine/Content/EngineMaterials/Widget3DPassThrough_Opaque.uexp" 380
"../../../Engine/Content/EngineMaterials/Widget3DPassThrough_Opaque_OneSided.uasset" 381
"../../../Engine/Content/EngineMaterials/Widget3DPassThrough_Opaque_OneSided.uexp" 382
"../../../Engine/Content/EngineFonts/RobotoDistanceField.uexp" 383
"../../../Engine/Content/EngineFonts/RobotoDistanceField.uasset" 384
"../../../Engine/Content/EngineMaterials/DefaultTextMaterialOpaque.uexp" 385
"../../../Engine/Content/EngineMaterials/DefaultTextMaterialOpaque.uasset" 386
"../../../Engine/Content/EngineMaterials/InvalidLightmapSettings.ubulk" 387
"../../../Engine/Content/EngineMaterials/InvalidLightmapSettings.uasset" 388
"../../../Engine/Content/EngineMaterials/InvalidLightmapSettings.uexp" 389
"../../../Engine/Content/EngineMaterials/M_InvalidLightmapSettings.uexp" 390
"../../../Engine/Content/EngineMaterials/M_InvalidLightmapSettings.uasset" 391
"../../../Engine/Content/EngineMaterials/BaseFlattenEmissiveMap_VT.uexp" 392
"../../../Engine/Content/EngineMaterials/BaseFlattenEmissiveMap_VT.uasset" 393
"../../../Engine/Content/EngineMaterials/BaseFlattenGrayscaleMap_VT.uexp" 394
"../../../Engine/Content/EngineMaterials/BaseFlattenGrayscaleMap_VT.uasset" 395
"../../../Engine/Content/EngineMaterials/BaseFlattenLinearColor_VT.uasset" 396
"../../../Engine/Content/EngineMaterials/BaseFlattenLinearColor_VT.uexp" 397
"../../../Engine/Content/EngineMaterials/Black_1x1_EXR_Texture_VT.uasset" 398
"../../../Engine/Content/EngineMaterials/Black_1x1_EXR_Texture_VT.uexp" 399
"../../../Engine/Content/EngineMaterials/BaseFlattenDiffuseMap_VT.uasset" 400
"../../../Engine/Content/EngineMaterials/BaseFlattenDiffuseMap_VT.uexp" 401
"../../../Engine/Content/EngineMaterials/BaseFlattenNormalMap_VT.uasset" 402
"../../../Engine/Content/EngineMaterials/BaseFlattenNormalMap_VT.uexp" 403
"../../../Engine/Content/EngineMaterials/FlattenMaterial_VT.uasset" 404
"../../../Engine/Content/EngineMaterials/FlattenMaterial_VT.uexp" 405
"../../../Engine/Content/EngineMaterials/DefaultPhysicalMaterial.uasset" 406
"../../../Engine/Content/EngineMaterials/DefaultPhysicalMaterial.uexp" 407
"../../../Engine/Content/EngineMaterials/DefaultDiffuse.ubulk" 408
"../../../Engine/Content/EngineMaterials/DefaultDiffuse.uexp" 409
"../../../Engine/Content/EngineMaterials/DefaultDiffuse.uasset" 410
"../../../Engine/Content/Functions/Engine_MaterialFunctions02/Utility/BreakOutFloat2Components.uasset" 411
"../../../Engine/Content/Functions/Engine_MaterialFunctions02/Utility/BreakOutFloat2Components.uexp" 412
"../../../Engine/Content/EngineMaterials/DefaultPostProcessMaterial.uexp" 413
"../../../Engine/Content/EngineMaterials/DefaultPostProcessMaterial.uasset" 414
"../../../Engine/Content/EngineMaterials/DefaultDeferredDecalMaterial.uexp" 415
"../../../Engine/Content/EngineMaterials/DefaultDeferredDecalMaterial.uasset" 416
"../../../Engine/Content/EngineMaterials/RemoveSurfaceMaterial.uasset" 417
"../../../Engine/Content/EngineMaterials/RemoveSurfaceMaterial.uexp" 418
"../../../Engine/Content/EngineMaterials/FlattenMaterial_WS_Normal_VT.uexp" 419
"../../../Engine/Content/EngineMaterials/FlattenMaterial_WS_Normal_VT.uasset" 420
"../../../Engine/Content/EngineMaterials/DefaultBloomKernel.uexp" 421
"../../../Engine/Content/EngineMaterials/DefaultBloomKernel.uasset" 422
"../../../Engine/Content/EngineMaterials/Widget3DPassThrough_Masked_OneSided.uexp" 423
"../../../Engine/Content/EngineMaterials/Widget3DPassThrough_Masked_OneSided.uasset" 424
"../../../Engine/Content/EngineMaterials/DefaultWhiteGrid_Low.uasset" 425
"../../../Engine/Content/EngineMaterials/DefaultWhiteGrid_Low.uexp" 426
"../../../Engine/Content/EngineMaterials/EmissiveMeshMaterial.uexp" 427
"../../../Engine/Content/EngineMaterials/EmissiveMeshMaterial.uasset" 428
"../../../Engine/Content/EngineMaterials/STBlueNoise_scalar_128x128x64.uasset" 429
"../../../Engine/Content/EngineMaterials/STBlueNoise_scalar_128x128x64.uexp" 430
"../../../Engine/Content/EngineMaterials/BaseFlattenNormalMap.uexp" 431
"../../../Engine/Content/EngineMaterials/BaseFlattenNormalMap.uasset" 432
"../../../Engine/Content/EngineMaterials/BaseFlattenGrayscaleMap.uasset" 433
"../../../Engine/Content/EngineMaterials/BaseFlattenGrayscaleMap.uexp" 434
"../../../Engine/Content/EngineMaterials/BaseFlattenDiffuseMap.uasset" 435
"../../../Engine/Content/EngineMaterials/BaseFlattenDiffuseMap.uexp" 436
"../../../Engine/Content/Functions/Engine_MaterialFunctions02/PivotPainter2/Black_1x1_EXR_Texture.uexp" 437
"../../../Engine/Content/Functions/Engine_MaterialFunctions02/PivotPainter2/Black_1x1_EXR_Texture.uasset" 438
"../../../Engine/Content/EngineMaterials/BaseFlattenEmissiveMap.uexp" 439
"../../../Engine/Content/EngineMaterials/BaseFlattenEmissiveMap.uasset" 440
"../../../Engine/Content/EngineMaterials/BaseFlattenLinearColor.uasset" 441
"../../../Engine/Content/EngineMaterials/BaseFlattenLinearColor.uexp" 442
"../../../Engine/Content/EngineMaterials/FlattenMaterial.uasset" 443
"../../../Engine/Content/EngineMaterials/FlattenMaterial.uexp" 444
"../../../Engine/Content/EngineMaterials/GizmoMaterial.uexp" 445
"../../../Engine/Content/EngineMaterials/GizmoMaterial.uasset" 446
"../../../Engine/Content/EngineMaterials/DefaultDestructiblePhysicalMaterial.uasset" 447
"../../../Engine/Content/EngineMaterials/DefaultDestructiblePhysicalMaterial.uexp" 448
"../../../Engine/Content/EngineMaterials/PhAT_JointLimitMaterial.uasset" 449
"../../../Engine/Content/EngineMaterials/PhAT_JointLimitMaterial.uexp" 450
"../../../Engine/Content/EngineMaterials/STBlueNoise_vec2_128x128x64.uasset" 451
"../../../Engine/Content/EngineMaterials/STBlueNoise_vec2_128x128x64.uexp" 452
"../../../Engine/Content/EngineMaterials/DefaultCalibrationColor.uexp" 453
"../../../Engine/Content/EngineMaterials/DefaultCalibrationColor.uasset" 454
"../../../Engine/Content/EngineMaterials/PPM_DefaultCalibrationColor.uasset" 455
"../../../Engine/Content/EngineMaterials/PPM_DefaultCalibrationColor.uexp" 456
"../../../Engine/Content/EngineMaterials/Widget3DPassThrough_Translucent.uasset" 457
"../../../Engine/Content/EngineMaterials/Widget3DPassThrough_Translucent.uexp" 458
"../../../Engine/Content/EngineMaterials/Widget3DPassThrough_Translucent_OneSided.uasset" 459
"../../../Engine/Content/EngineMaterials/Widget3DPassThrough_Translucent_OneSided.uexp" 460
"../../../Engine/Content/EngineMaterials/Widget3DPassThrough_Masked.uasset" 461
"../../../Engine/Content/EngineMaterials/Widget3DPassThrough_Masked.uexp" 462
"../../../Engine/Content/EngineMaterials/NaniteHiddenSectionMaterial.uasset" 463
"../../../Engine/Content/EngineMaterials/NaniteHiddenSectionMaterial.uexp" 464
"../../../Engine/Content/EngineMaterials/DefaultCalibrationGrayscale.uexp" 465
"../../../Engine/Content/EngineMaterials/DefaultCalibrationGrayscale.uasset" 466
"../../../Engine/Content/EngineMaterials/PPM_DefaultCalibrationGrayscale.uasset" 467
"../../../Engine/Content/EngineMaterials/PPM_DefaultCalibrationGrayscale.uexp" 468
"../../../Engine/Content/EngineDebugMaterials/DebugMeshMaterial.uexp" 469
"../../../Engine/Content/EngineDebugMaterials/DebugMeshMaterial.uasset" 470
"../../../Engine/Content/EngineDebugMaterials/M_SimpleUnlitTranslucent.uexp" 471
"../../../Engine/Content/EngineDebugMaterials/M_SimpleUnlitTranslucent.uasset" 472
"../../../Engine/Content/Functions/Engine_MaterialFunctions02/Utility/CameraDirectionVector.uexp" 473
"../../../Engine/Content/Functions/Engine_MaterialFunctions02/Utility/CameraDirectionVector.uasset" 474
"../../../Engine/Content/EngineDebugMaterials/VolumeToRender.uexp" 475
"../../../Engine/Content/EngineDebugMaterials/VolumeToRender.uasset" 476
"../../../Engine/Content/EngineDebugMaterials/M_VolumeRenderSphereTracePP.uexp" 477
"../../../Engine/Content/EngineDebugMaterials/M_VolumeRenderSphereTracePP.uasset" 478
"../../../Engine/Content/EngineDebugMaterials/DebugEditorMaterial.uasset" 479
"../../../Engine/Content/EngineDebugMaterials/DebugEditorMaterial.uexp" 480
"../../../Engine/Content/EngineDamageTypes/DmgTypeBP_Environmental.uasset" 481
"../../../Engine/Content/EngineDamageTypes/DmgTypeBP_Environmental.uexp" 482
"../../../Engine/Content/EditorResources/BSPVertex.uexp" 483
"../../../Engine/Content/EditorResources/BSPVertex.uasset" 484
"../../../Engine/Content/EditorResources/EmptyActor.uexp" 485
"../../../Engine/Content/EditorResources/EmptyActor.uasset" 486
"../../../Engine/Content/EditorMaterials/PhAT_UnselectedMaterial.uexp" 487
"../../../Engine/Content/EditorMaterials/PhAT_UnselectedMaterial.uasset" 488
"../../../Engine/Content/EditorMaterials/PhAT_NoCollisionMaterial.uexp" 489
"../../../Engine/Content/EditorMaterials/PhAT_NoCollisionMaterial.uasset" 490
"../../../Engine/Content/EditorMaterials/PreviewShadowIndicator.uasset" 491
"../../../Engine/Content/EditorMaterials/PreviewShadowIndicator.uexp" 492
"../../../Engine/Content/EditorMaterials/PreviewShadowIndicator.ubulk" 493
"../../../Engine/Content/EditorMaterials/PreviewShadowIndicatorMaterial.uasset" 494
"../../../Engine/Content/EditorMaterials/PreviewShadowIndicatorMaterial.uexp" 495
"../../../Engine/Content/EditorLandscapeResources/DataLayer.uasset" 496
"../../../Engine/Content/EditorLandscapeResources/DataLayer.uexp" 497
"../../../Engine/Content/BasicShapes/Plane.uasset" 498
"../../../Engine/Content/BasicShapes/Plane.uexp" 499
"../../../Engine/Content/BasicShapes/Cylinder.uasset" 500
"../../../Engine/Content/BasicShapes/Cylinder.uexp" 501
"../../../Engine/Content/BasicShapes/Cone.uexp" 502
"../../../Engine/Content/BasicShapes/Cone.uasset" 503
"../../../Engine/Content/Animation/DefaultRecorderBoneCompression.uexp" 504
"../../../Engine/Content/Animation/DefaultRecorderBoneCompression.uasset" 505
"../../../Engine/Content/Animation/DefaultAnimBoneCompressionSettings.uasset" 506
"../../../Engine/Content/Animation/DefaultAnimBoneCompressionSettings.uexp" 507
"../../../Engine/Content/Animation/DefaultAnimCurveCompressionSettings.uasset" 508
"../../../Engine/Content/Animation/DefaultAnimCurveCompressionSettings.uexp" 509
"../../../Engine/Content/MobileResources/HUD/VirtualJoystick_Background.uexp" 510
"../../../Engine/Content/MobileResources/HUD/VirtualJoystick_Background.uasset" 511
"../../../Engine/Content/MobileResources/HUD/VirtualJoystick_Thumb.uasset" 512
"../../../Engine/Content/MobileResources/HUD/VirtualJoystick_Thumb.uexp" 513
"../../../Engine/Content/MobileResources/HUD/DefaultVirtualJoysticks.uasset" 514
"../../../Engine/Content/MobileResources/HUD/DefaultVirtualJoysticks.uexp" 515
"/Users/khushishukla/Desktop/Ghost_Gobbler 5.2/Content/Assets/SFX/little_robot_sound_factory_Climb_Rope_Loop_00.uexp" 516
"/Users/khushishukla/Desktop/Ghost_Gobbler 5.2/Content/Assets/SFX/little_robot_sound_factory_Climb_Rope_Loop_00.ubulk" 517
"/Users/khushishukla/Desktop/Ghost_Gobbler 5.2/Content/Assets/SFX/little_robot_sound_factory_Climb_Rope_Loop_00.uasset" 518
"/Users/khushishukla/Desktop/Ghost_Gobbler 5.2/Content/Assets/Materials/material_2001.uasset" 519
"/Users/khushishukla/Desktop/Ghost_Gobbler 5.2/Content/Assets/Materials/material_2001.uexp" 520
"../../../Engine/Content/EngineSky/VolumetricClouds/CloudWeatherTexture.uexp" 521
"../../../Engine/Content/EngineSky/VolumetricClouds/CloudWeatherTexture.uasset" 522
"../../../Engine/Content/Functions/Engine_MaterialFunctions02/Utility/MakeFloat2.uexp" 523
"../../../Engine/Content/Functions/Engine_MaterialFunctions02/Utility/MakeFloat2.uasset" 524
"../../../Engine/Content/EngineSky/VolumetricClouds/CloudGradientTexture.uexp" 525
"../../../Engine/Content/EngineSky/VolumetricClouds/CloudGradientTexture.uasset" 526
"../../../Engine/Content/EngineSky/VolumetricClouds/T_NoiseShape64.ubulk" 527
"../../../Engine/Content/EngineSky/VolumetricClouds/T_NoiseShape64.uexp" 528
"../../../Engine/Content/EngineSky/VolumetricClouds/T_NoiseShape64.uasset" 529
"../../../Engine/Content/EngineSky/VolumetricClouds/T_VolumeNoiseShape64.uasset" 530
"../../../Engine/Content/EngineSky/VolumetricClouds/T_VolumeNoiseShape64.uexp" 531
"../../../Engine/Content/EngineSky/VolumetricClouds/T_NoiseErosion.ubulk" 532
"../../../Engine/Content/EngineSky/VolumetricClouds/T_NoiseErosion.uexp" 533
"../../../Engine/Content/EngineSky/VolumetricClouds/T_NoiseErosion.uasset" 534
"../../../Engine/Content/EngineSky/VolumetricClouds/T_VolumeNoiseErosion32.uasset" 535
"../../../Engine/Content/EngineSky/VolumetricClouds/T_VolumeNoiseErosion32.uexp" 536
"../../../Engine/Content/EngineSky/VolumetricClouds/m_SimpleVolumetricCloud.uasset" 537
"../../../Engine/Content/EngineSky/VolumetricClouds/m_SimpleVolumetricCloud.uexp" 538
"../../../Engine/Content/EngineSky/VolumetricClouds/m_SimpleVolumetricCloud_Inst.uexp" 539
"../../../Engine/Content/EngineSky/VolumetricClouds/m_SimpleVolumetricCloud_Inst.uasset" 540
"../../../Engine/Content/EngineResources/FilmGrains/Marcie_Grain_v3_128_M2_000.uexp" 541
"../../../Engine/Content/EngineResources/FilmGrains/Marcie_Grain_v3_128_M2_000.uasset" 542
"../../../Engine/Content/EditorResources/SequenceRecorder/RecordingIndicator.uexp" 543
"../../../Engine/Content/EditorResources/SequenceRecorder/RecordingIndicator.uasset" 544
"../../../Engine/Content/EditorResources/SequenceRecorder/Countdown.uasset" 545
"../../../Engine/Content/EditorResources/SequenceRecorder/Countdown.uexp" 546
"../../../Engine/Content/EditorResources/LightIcons/S_LightError.uasset" 547
"../../../Engine/Content/EditorResources/LightIcons/S_LightError.uexp" 548
"../../../Engine/Content/Functions/Engine_MaterialFunctions01/Shading/PowerToRoughness.uexp" 549
"../../../Engine/Content/Functions/Engine_MaterialFunctions01/Shading/PowerToRoughness.uasset" 550
"../../../Engine/Content/Functions/Engine_MaterialFunctions01/Shading/ConvertFromDiffSpec.uexp" 551
"../../../Engine/Content/Functions/Engine_MaterialFunctions01/Shading/ConvertFromDiffSpec.uasset" 552
"/Users/khushishukla/Desktop/Ghost_Gobbler 5.2/Content/Assets/Materials/GhostsMaster.uasset" 553
"/Users/khushishukla/Desktop/Ghost_Gobbler 5.2/Content/Assets/Materials/GhostsMaster.uexp" 554
"/Users/khushishukla/Desktop/Ghost_Gobbler 5.2/Content/Assets/Materials/GhostRandom.uasset" 555
"/Users/khushishukla/Desktop/Ghost_Gobbler 5.2/Content/Assets/Materials/GhostRandom.uexp" 556
"/Users/khushishukla/Desktop/Ghost_Gobbler 5.2/Content/Assets/Materials/GhostFollowingPlayer.uasset" 557
"/Users/khushishukla/Desktop/Ghost_Gobbler 5.2/Content/Assets/Materials/GhostFollowingPlayer.uexp" 558
"/Users/khushishukla/Desktop/Ghost_Gobbler 5.2/Content/Assets/SFX/music_zapsplat_game_music_action_retro_8_bit_repeating_016.ubulk" 559
"/Users/khushishukla/Desktop/Ghost_Gobbler 5.2/Content/Assets/SFX/music_zapsplat_game_music_action_retro_8_bit_repeating_016.uasset" 560
"/Users/khushishukla/Desktop/Ghost_Gobbler 5.2/Content/Assets/SFX/music_zapsplat_game_music_action_retro_8_bit_repeating_016.uexp" 561
"/Users/khushishukla/Desktop/Ghost_Gobbler 5.2/Content/Blueprints/PlayerController.uasset" 562
"/Users/khushishukla/Desktop/Ghost_Gobbler 5.2/Content/Blueprints/PlayerController.uexp" 563
"/Users/khushishukla/Desktop/Ghost_Gobbler 5.2/Content/Blueprints/MainGM.uasset" 564
"/Users/khushishukla/Desktop/Ghost_Gobbler 5.2/Content/Blueprints/MainGM.uexp" 565
"/Users/khushishukla/Desktop/Ghost_Gobbler 5.2/Content/MainLevel.uexp" 566
"/Users/khushishukla/Desktop/Ghost_Gobbler 5.2/Content/MainLevel.umap" 567
"/Users/khushishukla/Desktop/Ghost_Gobbler 5.2/Content/Untitled.uexp" 568
"/Users/khushishukla/Desktop/Ghost_Gobbler 5.2/Content/Untitled.umap" 569
"../../../Engine/Content/Maps/Entry_BuiltData.uexp" 570
"../../../Engine/Content/Maps/Entry_BuiltData.uasset" 571
"../../../Engine/Content/Maps/Entry.umap" 572
"../../../Engine/Content/Maps/Entry.uexp" 573
